Active-HDL 11.1.262.7351 2021-10-15 02:14:49

Elaboration top modules:
Architecture                  ARQ_ALUVHDL(ALUVHDL)


--------------------------------------------------------------------------------------------
Entity   | Architecture | Library    | Info | Compiler Version        | Compilation Options
--------------------------------------------------------------------------------------------
ALUVHDL  | ARQ_ALUVHDL  | alu_design |      | 11.1.262.7351 (Windows) | -O3
--------------------------------------------------------------------------------------------

--------------------------------------------------------------------------------------------
VHDL Package            | Library    | Info | Compiler Version        | Compilation Options
--------------------------------------------------------------------------------------------
standard                | std        |      |                         | <unavailable>
TEXTIO                  | std        |      |                         | <unavailable>
std_logic_1164          | ieee       |      |                         | <unavailable>
std_logic_arith         | ieee       |      |                         | <unavailable>
STD_LOGIC_UNSIGNED      | ieee       |      |                         | <unavailable>
--------------------------------------------------------------------------------------------

--------------------------------------------------------------------------------------------
Library                 | Comment
--------------------------------------------------------------------------------------------
alu_design              | None
ieee                    | Standard IEEE packages library
std                     | Standard VHDL library
--------------------------------------------------------------------------------------------
